WARNING: We recommend using a newer Android Gradle plugin to use compileSdk = 35

This Android Gradle plugin (8.4.1) was tested up to compileSdk = 34.

You are strongly encouraged to update your project to use a newer
Android Gradle plugin that has been tested with compileSdk = 35.

If you are already using the latest version of the Android Gradle plugin,
you may need to wait until a newer version with support for compileSdk = 35 is available.

To suppress this warning, add/update
    android.suppressUnsupportedCompileSdk=35
to this project's gradle.properties.
> Task :app:checkKotlinGradlePluginConfigurationErrors SKIPPED
> Task :app:preBuild UP-TO-DATE
> Task :app:preDebugBuild UP-TO-DATE
> Task :app:checkDebugAarMetadata UP-TO-DATE
> Task :app:generateDebugResValues UP-TO-DATE
> Task :app:mapDebugSourceSetPaths UP-TO-DATE
> Task :app:generateDebugResources UP-TO-DATE
> Task :app:mergeDebugResources UP-TO-DATE
> Task :app:packageDebugResources UP-TO-DATE
> Task :app:parseDebugLocalResources UP-TO-DATE
> Task :app:createDebugCompatibleScreenManifests UP-TO-DATE
> Task :app:extractDeepLinksDebug UP-TO-DATE
> Task :app:processDebugMainManifest UP-TO-DATE
> Task :app:processDebugManifest UP-TO-DATE
> Task :app:processDebugManifestForPackage UP-TO-DATE
> Task :app:processDebugResources UP-TO-DATE

> Task :app:kspDebugKotlin FAILED
e: [ksp] ModuleProcessingStep was unable to process 'br.com.icvilar.marketflow.di.NetworkModule' because 'error.NonExistentClass' could not be resolved.

Dependency trace:
    => element (OBJECT): br.com.icvilar.marketflow.di.NetworkModule
    => element (METHOD): provideOkHttpClient()
    => type (ERROR return type): error.NonExistentClass

If type 'error.NonExistentClass' is a generated type, check above for compilation errors that may have prevented the type from being generated. Otherwise, ensure that type 'error.NonExistentClass' is on your classpath.
e: [ksp] BindingMethodProcessingStep was unable to process 'provideOkHttpClient()' because 'error.NonExistentClass' could not be resolved.

Dependency trace:
    => element (OBJECT): br.com.icvilar.marketflow.di.NetworkModule
    => element (METHOD): provideOkHttpClient()
    => type (ERROR return type): error.NonExistentClass

If type 'error.NonExistentClass' is a generated type, check above for compilation errors that may have prevented the type from being generated. Otherwise, ensure that type 'error.NonExistentClass' is on your classpath.
e: [ksp] BindingMethodProcessingStep was unable to process 'provideRetrofit(error.NonExistentClass)' because 'error.NonExistentClass' could not be resolved.

Dependency trace:
    => element (OBJECT): br.com.icvilar.marketflow.di.NetworkModule
    => element (METHOD): provideOkHttpClient()
    => type (ERROR return type): error.NonExistentClass

If type 'error.NonExistentClass' is a generated type, check above for compilation errors that may have prevented the type from being generated. Otherwise, ensure that type 'error.NonExistentClass' is on your classpath.
e: [ksp] BindingMethodProcessingStep was unable to process 'provideCoinMarketCapApi(retrofit2.Retrofit)' because 'error.NonExistentClass' could not be resolved.

Dependency trace:
    => element (OBJECT): br.com.icvilar.marketflow.di.NetworkModule
    => element (METHOD): provideOkHttpClient()
    => type (ERROR return type): error.NonExistentClass

If type 'error.NonExistentClass' is a generated type, check above for compilation errors that may have prevented the type from being generated. Otherwise, ensure that type 'error.NonExistentClass' is on your classpath.
e: Error occurred in KSP, check log for detail

[Incubating] Problems report is available at: file:///Users/igorvilar/Workspace/pessoal/marketFlow-android/build/reports/problems/problems-report.html

FAILURE: Build failed with an exception.

* What went wrong:
Execution failed for task ':app:kspDebugKotlin'.
> A failure occurred while executing org.jetbrains.kotlin.compilerRunner.GradleCompilerRunnerWithWorkers$GradleKotlinCompilerWorkAction
   > Compilation error. See log for more details

* Try:
> Run with --stacktrace option to get the stack trace.
> Run with --info or --debug option to get more log output.
> Run with --scan to generate a Build Scan (powered by Develocity).
> Get more help at https://help.gradle.org.

Deprecated Gradle features were used in this build, making it incompatible with Gradle 10.

You can use '--warning-mode all' to show the individual deprecation warnings and determine if they come from your own scripts or plugins.

For more on this, please refer to https://docs.gradle.org/9.2.1/userguide/command_line_interface.html#sec:command_line_warnings in the Gradle documentation.

BUILD FAILED in 1s
14 actionable tasks: 1 executed, 13 up-to-date
